0 verbose cli [
0 verbose cli   'C:\\Program Files\\nodejs\\node.exe',
0 verbose cli   'C:\\Users\\Abel Luzemba\\AppData\\Roaming\\npm\\node_modules\\npm\\bin\\npm-cli.js',
0 verbose cli   'i',
0 verbose cli   'react-native-maps'
0 verbose cli ]
1 info using npm@7.11.1
2 info using node@v16.0.0
3 timing npm:load:whichnode Completed in 3ms
4 timing config:load:defaults Completed in 3ms
5 timing config:load:file:C:\Users\Abel Luzemba\AppData\Roaming\npm\node_modules\npm\npmrc Completed in 2ms
6 timing config:load:builtin Completed in 2ms
7 timing config:load:cli Completed in 2ms
8 timing config:load:env Completed in 0ms
9 timing config:load:file:A:\health\hospital\.npmrc Completed in 0ms
10 timing config:load:project Completed in 1ms
11 timing config:load:file:C:\Users\Abel Luzemba\.npmrc Completed in 1ms
12 timing config:load:user Completed in 1ms
13 timing config:load:file:C:\Users\Abel Luzemba\AppData\Roaming\npm\etc\npmrc Completed in 0ms
14 timing config:load:global Completed in 0ms
15 timing config:load:validate Completed in 1ms
16 timing config:load:credentials Completed in 1ms
17 timing config:load:setEnvs Completed in 0ms
18 timing config:load Completed in 11ms
19 timing npm:load:configload Completed in 11ms
20 timing npm:load:setTitle Completed in 1ms
21 timing npm:load:setupLog Completed in 2ms
22 timing npm:load:cleanupLog Completed in 2ms
23 timing npm:load:configScope Completed in 0ms
24 timing npm:load:projectScope Completed in 1ms
25 timing npm:load Completed in 20ms
26 timing config:load:flatten Completed in 3ms
27 timing arborist:ctor Completed in 1ms
28 timing idealTree:init Completed in 520ms
29 timing idealTree:userRequests Completed in 4ms
30 silly idealTree buildDeps
31 silly fetch manifest react-native-maps@*
32 timing arborist:ctor Completed in 0ms
33 http fetch GET 304 https://registry.npmjs.org/react-native-maps 951ms (from cache)
34 silly fetch manifest react@17.0.1
35 http fetch GET 304 https://registry.npmjs.org/react 202ms (from cache)
36 silly fetch manifest react-native@0.64.0
37 http fetch GET 304 https://registry.npmjs.org/react-native 112ms (from cache)
38 silly fetch manifest react-native-web@^0.11
39 http fetch GET 304 https://registry.npmjs.org/react-native-web 165ms (from cache)
40 silly fetch manifest react-dom@>=16.5.1
41 http fetch GET 304 https://registry.npmjs.org/react-dom 119ms (from cache)
42 silly fetch manifest react@17.0.2
43 timing idealTree Completed in 2108ms
44 timing command:install Completed in 2118ms
45 verbose stack Error: unable to resolve dependency tree
45 verbose stack     at Arborist.[failPeerConflict] (C:\Users\Abel Luzemba\AppData\Roaming\npm\node_modules\npm\node_modules\@npmcli\arborist\lib\arborist\build-ideal-tree.js:1220:25)
45 verbose stack     at Arborist.[loadPeerSet] (C:\Users\Abel Luzemba\AppData\Roaming\npm\node_modules\npm\node_modules\@npmcli\arborist\lib\arborist\build-ideal-tree.js:1213:30)
45 verbose stack     at async Arborist.[loadPeerSet] (C:\Users\Abel Luzemba\AppData\Roaming\npm\node_modules\npm\node_modules\@npmcli\arborist\lib\arborist\build-ideal-tree.js:1163:11)
45 verbose stack     at async Arborist.[loadPeerSet] (C:\Users\Abel Luzemba\AppData\Roaming\npm\node_modules\npm\node_modules\@npmcli\arborist\lib\arborist\build-ideal-tree.js:1163:11)
45 verbose stack     at async Arborist.[buildDepStep] (C:\Users\Abel Luzemba\AppData\Roaming\npm\node_modules\npm\node_modules\@npmcli\arborist\lib\arborist\build-ideal-tree.js:891:11)
45 verbose stack     at async Arborist.buildIdealTree (C:\Users\Abel Luzemba\AppData\Roaming\npm\node_modules\npm\node_modules\@npmcli\arborist\lib\arborist\build-ideal-tree.js:217:7)
45 verbose stack     at async Promise.all (index 1)
45 verbose stack     at async Arborist.reify (C:\Users\Abel Luzemba\AppData\Roaming\npm\node_modules\npm\node_modules\@npmcli\arborist\lib\arborist\reify.js:135:5)
45 verbose stack     at async Install.install (C:\Users\Abel Luzemba\AppData\Roaming\npm\node_modules\npm\lib\install.js:137:5)
46 verbose cwd A:\health\hospital
47 verbose Windows_NT 10.0.19042
48 verbose argv "C:\\Program Files\\nodejs\\node.exe" "C:\\Users\\Abel Luzemba\\AppData\\Roaming\\npm\\node_modules\\npm\\bin\\npm-cli.js" "i" "react-native-maps"
49 verbose node v16.0.0
50 verbose npm  v7.11.1
51 error code ERESOLVE
52 error ERESOLVE unable to resolve dependency tree
53 error
54 error While resolving: [1mhospital[22m@[1m0.0.1[22m
54 error Found: [1mreact[22m@[1m17.0.1[22m[2m[22m
54 error [2mnode_modules/react[22m
54 error   [1mreact[22m@"[1m17.0.1[22m" from the root project
54 error   [35mpeer[39m [1mreact[22m@"[1m>= 16.0 || < 17.0[22m" from [1mreact-native-maps[22m@[1m0.28.0[22m[2m[22m
54 error   [2mnode_modules/react-native-maps[22m
54 error     [1mreact-native-maps[22m@"[1m*[22m" from the root project
54 error   2 more (react-native, react-native-web)
54 error
54 error Could not resolve dependency:
54 error [35mpeer[39m [1mreact[22m@"[1m17.0.2[22m" from [1mreact-dom[22m@[1m17.0.2[22m[2m[22m
54 error [2mnode_modules/react-dom[22m
54 error   [35mpeer[39m [1mreact-dom[22m@"[1m>=16.5.1[22m" from [1mreact-native-web[22m@[1m0.11.7[22m[2m[22m
54 error   [2mnode_modules/react-native-web[22m
54 error     [35mpeer[39m [1mreact-native-web[22m@"[1m^0.11[22m" from [1mreact-native-maps[22m@[1m0.28.0[22m[2m[22m
54 error     [2mnode_modules/react-native-maps[22m
54 error       [1mreact-native-maps[22m@"[1m*[22m" from the root project
54 error
54 error Fix the upstream dependency conflict, or retry
54 error this command with --force, or --legacy-peer-deps
54 error to accept an incorrect (and potentially broken) dependency resolution.
54 error
54 error See A:\health\hospital\eresolve-report.txt for a full report.
55 verbose exit 1
